<?xml version="1.0" encoding="UTF-8"?>
<!-- Generated by org.testng.reporters.JUnitReportReporter -->
<testsuite skipped="0" hostname="ip-172-31-88-196" name="test.LoginPage" tests="1" failures="0" timestamp="10 Dec 2021 14:07:46 GMT" time="0.489" errors="0">
  <testcase name="OpenSporty" time="0.489" classname="test.LoginPage"/>
</testsuite> <!-- test.LoginPage -->
