<?xml version="1.0" encoding="UTF-8"?>
<!-- Generated by org.testng.reporters.JUnitReportReporter -->
<testsuite skipped="0" hostname="ip-172-31-88-196" name="test.PaymentTest" tests="1" failures="0" timestamp="14 Dec 2021 19:34:39 GMT" time="0.398" errors="0">
  <testcase name="payment" time="0.398" classname="test.PaymentTest"/>
</testsuite> <!-- test.PaymentTest -->
