<?xml version="1.0" encoding="UTF-8"?>
<!-- Generated by org.testng.reporters.JUnitReportReporter -->
<testsuite skipped="0" hostname="ip-172-31-88-196" name="test.LoginTest" tests="1" failures="0" timestamp="13 Dec 2021 08:56:12 GMT" time="0.282" errors="0">
  <testcase name="Signin" time="0.282" classname="test.LoginTest"/>
</testsuite> <!-- test.LoginTest -->
