<?xml version="1.0" encoding="UTF-8"?>
<!-- Generated by org.testng.reporters.JUnitReportReporter -->
<testsuite skipped="0" hostname="ip-172-31-88-196" name="test.ChekcOutTest" tests="1" failures="0" timestamp="14 Dec 2021 19:34:39 GMT" time="0.319" errors="0">
  <testcase name="checkout_demo" time="0.319" classname="test.ChekcOutTest"/>
</testsuite> <!-- test.ChekcOutTest -->
