<?xml version="1.0" encoding="UTF-8"?>
<!-- Generated by org.testng.reporters.JUnitReportReporter -->
<testsuite skipped="0" hostname="ip-172-31-88-196" name="test.GoogleHomePageTest" tests="1" failures="0" timestamp="10 Dec 2021 04:45:34 GMT" time="0.253" errors="0">
  <testcase name="OpenSporty" time="0.253" classname="test.GoogleHomePageTest"/>
</testsuite> <!-- test.GoogleHomePageTest -->
