<?xml version="1.0" encoding="UTF-8"?>
<!-- Generated by org.testng.reporters.JUnitReportReporter -->
<testsuite skipped="0" hostname="ip-172-31-88-196" name="test.HomeTest" tests="1" failures="0" timestamp="13 Dec 2021 08:56:12 GMT" time="0.919" errors="0">
  <testcase name="add_cart" time="0.919" classname="test.HomeTest"/>
</testsuite> <!-- test.HomeTest -->
