<?xml version="1.0" encoding="UTF-8"?>
<!-- Generated by org.testng.reporters.JUnitReportReporter -->
<testsuite skipped="0" hostname="ip-172-31-88-196" name="test.SignupTest" tests="1" failures="0" timestamp="13 Dec 2021 08:04:52 GMT" time="0.775" errors="0">
  <testcase name="Signup" time="0.775" classname="test.SignupTest"/>
</testsuite> <!-- test.SignupTest -->
