<?xml version="1.0" encoding="UTF-8"?>
<!-- Generated by org.testng.reporters.JUnitReportReporter -->
<testsuite skipped="0" hostname="ip-172-31-88-196" name="test.SignupTest" tests="1" failures="0" timestamp="11 Dec 2021 10:12:24 GMT" time="0.768" errors="0">
  <testcase name="Signup" time="0.768" classname="test.SignupTest"/>
</testsuite> <!-- test.SignupTest -->
